c:\dev\tutorials\directx11\engine\engine\debug\pch.pch
c:\dev\tutorials\directx11\engine\engine\debug\vc141.pdb
c:\dev\tutorials\directx11\engine\engine\debug\vc141.idb
c:\dev\tutorials\directx11\engine\engine\debug\pch.obj
c:\dev\tutorials\directx11\engine\engine\debug\samplefpstextrenderer.obj
c:\dev\tutorials\directx11\engine\engine\debug\app.obj
c:\dev\tutorials\directx11\engine\engine\debug\enginemain.obj
c:\dev\tutorials\directx11\engine\engine\debug\deviceresources.obj
c:\dev\tutorials\directx11\engine\engine\debug\sample3dscenerenderer.obj
c:\dev\tutorials\directx11\engine\debug\engine\engine.winmd
c:\dev\tutorials\directx11\engine\engine\debug\engine.vcxprojassemblyreference.cache
c:\dev\tutorials\directx11\engine\engine\debug\resourcehandlingtask.state
c:\dev\tutorials\directx11\engine\engine\debug\engine.vcxproj.generateresource.cache
c:\dev\tutorials\directx11\engine\engine\debug\priconfig.xml
c:\dev\tutorials\directx11\engine\engine\debug\priconfig.xml.intermediate
c:\dev\tutorials\directx11\engine\engine\debug\layout.resfiles
c:\dev\tutorials\directx11\engine\engine\debug\layout.resfiles.intermediate
c:\dev\tutorials\directx11\engine\engine\debug\resources.resfiles
c:\dev\tutorials\directx11\engine\engine\debug\resources.resfiles.intermediate
c:\dev\tutorials\directx11\engine\engine\debug\pri.resfiles
c:\dev\tutorials\directx11\engine\engine\debug\pri.resfiles.intermediate
c:\dev\tutorials\directx11\engine\debug\engine\resources.pri
c:\dev\tutorials\directx11\engine\engine\debug\qualifiers.txt
c:\dev\tutorials\directx11\engine\engine\debug\qualifiers.txt.intermediate
c:\dev\tutorials\directx11\engine\engine\debug\multiplequalifiersperdimensionfound.txt
c:\dev\tutorials\directx11\engine\engine\debug\projectarchitectures.txt
c:\dev\tutorials\directx11\engine\debug\engine\appxmanifest.xml
c:\dev\tutorials\directx11\engine\debug\engine\engine.build.appxrecipe
c:\dev\tutorials\directx11\engine\debug\engine\samplepixelshader.cso
c:\dev\tutorials\directx11\engine\debug\engine\samplevertexshader.cso
c:\dev\tutorials\directx11\engine\debug\engine\engine.ilk
c:\dev\tutorials\directx11\engine\debug\engine\engine.exe
c:\dev\tutorials\directx11\engine\debug\engine\engine.pdb
c:\dev\tutorials\directx11\engine\engine\debug\embed.resfiles
c:\dev\tutorials\directx11\engine\engine\debug\engine.tlog\cl.command.1.tlog
c:\dev\tutorials\directx11\engine\engine\debug\engine.tlog\cl.read.1.tlog
c:\dev\tutorials\directx11\engine\engine\debug\engine.tlog\cl.write.1.tlog
c:\dev\tutorials\directx11\engine\engine\debug\engine.tlog\engine.read.1u.tlog
c:\dev\tutorials\directx11\engine\engine\debug\engine.tlog\engine.write.1u.tlog
c:\dev\tutorials\directx11\engine\engine\debug\engine.tlog\fxc.command.1.tlog
c:\dev\tutorials\directx11\engine\engine\debug\engine.tlog\fxc.read.1.tlog
c:\dev\tutorials\directx11\engine\engine\debug\engine.tlog\fxc.write.1.tlog
c:\dev\tutorials\directx11\engine\engine\debug\engine.tlog\link.command.1.tlog
c:\dev\tutorials\directx11\engine\engine\debug\engine.tlog\link.read.1.tlog
c:\dev\tutorials\directx11\engine\engine\debug\engine.tlog\link.write.1.tlog
